<?xml version="1.0" encoding="UTF-8"?>
<!-- Generated by org.testng.reporters.JUnitReportReporter -->
<testsuite skipped="0" hostname="rutvi-desktop" name="resume" tests="2" failures="0" timestamp="18 Oct 2017 04:58:45 GMT" time="44.615" errors="0">
  <testcase name="login" time="17.669" classname="resume"/>
  <testcase name="selecttemplate" time="26.946" classname="resume"/>
</testsuite> <!-- resume -->
