<?xml version="1.0" encoding="UTF-8"?>
<!-- Generated by org.testng.reporters.JUnitReportReporter -->
<testsuite skipped="0" hostname="rutvi-desktop" name="utils.workbook" tests="1" failures="0" timestamp="01 Nov 2017 10:33:23 GMT" time="0.680" errors="0">
  <testcase name="openbook" time="0.680" classname="utils.workbook"/>
</testsuite> <!-- utils.workbook -->
