<?xml version="1.0" encoding="UTF-8"?>
<!-- Generated by org.testng.reporters.JUnitReportReporter -->
<testsuite skipped="0" hostname="rutvi-desktop" name="gia" tests="2" failures="0" timestamp="18 Oct 2017 04:58:45 GMT" time="86.594" errors="0">
  <testcase name="login" time="47.423" classname="gia"/>
  <testcase name="selecttemplate" time="39.171" classname="gia"/>
</testsuite> <!-- gia -->
