<?xml version="1.0" encoding="UTF-8"?>
<!-- Generated by org.testng.reporters.JUnitReportReporter -->
<testsuite skipped="0" hostname="rutvi-desktop" name="mypackage.writeclass" tests="1" failures="0" timestamp="11 Nov 2017 07:05:13 GMT" time="0.494" errors="1">
  <testcase name="endExecution" time="0.494" classname="mypackage.writeclass">
    <error type="java.lang.StackOverflowError">
      <![CDATA[java.lang.StackOverflowError
	at mypackage.copysheet.copySheets(copysheet.java:47)
	at mypackage.copysheet.copySheets(copysheet.java:47)
	at mypackage.copysheet.copySheets(copysheet.java:47)
	at mypackage.copysheet.copySheets(copysheet.java:47)
	at mypackage.copysheet.copySheets(copysheet.java:47)
	at mypackage.copysheet.copySheets(copysheet.java:47)
	at mypackage.copysheet.copySheets(copysheet.java:47)
	at mypackage.copysheet.copySheets(copysheet.java:47)
	at mypackage.copysheet.copySheets(copysheet.java:47)
	at mypackage.copysheet.copySheets(copysheet.java:47)
	at mypackage.copysheet.copySheets(copysheet.java:47)
	at mypackage.copysheet.copySheets(copysheet.java:47)
	at mypackage.copysheet.copySheets(copysheet.java:47)
	at mypackage.copysheet.copySheets(copysheet.java:47)
	at mypackage.copysheet.copySheets(copysheet.java:47)
	at mypackage.copysheet.copySheets(copysheet.java:47)
	at mypackage.copysheet.copySheets(copysheet.java:47)
	at mypackage.copysheet.copySheets(copysheet.java:47)
	at mypackage.copysheet.copySheets(copysheet.java:47)
	at mypackage.copysheet.copySheets(copysheet.java:47)
	at mypackage.copysheet.copySheets(copysheet.java:47)
	at mypackage.copysheet.copySheets(copysheet.java:47)
	at mypackage.copysheet.copySheets(copysheet.java:47)
	at mypackage.copysheet.copySheets(copysheet.java:47)
	at mypackage.copysheet.copySheets(copysheet.java:47)
	at mypackage.copysheet.copySheets(copysheet.java:47)
	at mypackage.copysheet.copySheets(copysheet.java:47)
	at mypackage.copysheet.copySheets(copysheet.java:47)
	at mypackage.copysheet.copySheets(copysheet.java:47)
	at mypackage.copysheet.copySheets(copysheet.java:47)
	at mypackage.copysheet.copySheets(copysheet.java:47)
	at mypackage.copysheet.copySheets(copysheet.java:47)
	at mypackage.copysheet.copySheets(copysheet.java:47)
	at mypackage.copysheet.copySheets(copysheet.java:47)
	at mypackage.copysheet.copySheets(copysheet.java:47)
	at mypackage.copysheet.copySheets(copysheet.java:47)
	at mypackage.copysheet.copySheets(copysheet.java:47)
	at mypackage.copysheet.copySheets(copysheet.java:47)
	at mypackage.copysheet.copySheets(copysheet.java:47)
	at mypackage.copysheet.copySheets(copysheet.java:47)
	at mypackage.copysheet.copySheets(copysheet.java:47)
	at mypackage.copysheet.copySheets(copysheet.java:47)
	at mypackage.copysheet.copySheets(copysheet.java:47)
	at mypackage.copysheet.copySheets(copysheet.java:47)
	at mypackage.copysheet.copySheets(copysheet.java:47)
	at mypackage.copysheet.copySheets(copysheet.java:47)
	at mypackage.copysheet.copySheets(copysheet.java:47)
	at mypackage.copysheet.copySheets(copysheet.java:47)
	at mypackage.copysheet.copySheets(copysheet.java:47)
	at mypackage.copysheet.copySheets(copysheet.java:47)
	at mypackage.copysheet.copySheets(copysheet.java:47)
	at mypackage.copysheet.copySheets(copysheet.java:47)
	at mypackage.copysheet.copySheets(copysheet.java:47)
	at mypackage.copysheet.copySheets(copysheet.java:47)
	at mypackage.copysheet.copySheets(copysheet.java:47)
	at mypackage.copysheet.copySheets(copysheet.java:47)
	at mypackage.copysheet.copySheets(copysheet.java:47)
	at mypackage.copysheet.copySheets(copysheet.java:47)
	at mypackage.copysheet.copySheets(copysheet.java:47)
	at mypackage.copysheet.copySheets(copysheet.java:47)
	at mypackage.copysheet.copySheets(copysheet.java:47)
	at mypackage.copysheet.copySheets(copysheet.java:47)
	at mypackage.copysheet.copySheets(copysheet.java:47)
	at mypackage.copysheet.copySheets(copysheet.java:47)
	at mypackage.copysheet.copySheets(copysheet.java:47)
	at mypackage.copysheet.copySheets(copysheet.java:47)
	at mypackage.copysheet.copySheets(copysheet.java:47)
	at mypackage.copysheet.copySheets(copysheet.java:47)
	at mypackage.copysheet.copySheets(copysheet.java:47)
	at mypackage.copysheet.copySheets(copysheet.java:47)
	at mypackage.copysheet.copySheets(copysheet.java:47)
	at mypackage.copysheet.copySheets(copysheet.java:47)
	at mypackage.copysheet.copySheets(copysheet.java:47)
	at mypackage.copysheet.copySheets(copysheet.java:47)
	at mypackage.copysheet.copySheets(copysheet.java:47)
	at mypackage.copysheet.copySheets(copysheet.java:47)
	at mypackage.copysheet.copySheets(copysheet.java:47)
	at mypackage.copysheet.copySheets(copysheet.java:47)
	at mypackage.copysheet.copySheets(copysheet.java:47)
	at mypackage.copysheet.copySheets(copysheet.java:47)
	at mypackage.copysheet.copySheets(copysheet.java:47)
	at mypackage.copysheet.copySheets(copysheet.java:47)
	at mypackage.copysheet.copySheets(copysheet.java:47)
	at mypackage.copysheet.copySheets(copysheet.java:47)
	at mypackage.copysheet.copySheets(copysheet.java:47)
	at mypackage.copysheet.copySheets(copysheet.java:47)
	at mypackage.copysheet.copySheets(copysheet.java:47)
	at mypackage.copysheet.copySheets(copysheet.java:47)
	at mypackage.copysheet.copySheets(copysheet.java:47)
	at mypackage.copysheet.copySheets(copysheet.java:47)
	at mypackage.copysheet.copySheets(copysheet.java:47)
	at mypackage.copysheet.copySheets(copysheet.java:47)
	at mypackage.copysheet.copySheets(copysheet.java:47)
	at mypackage.copysheet.copySheets(copysheet.java:47)
	at mypackage.copysheet.copySheets(copysheet.java:47)
	at mypackage.copysheet.copySheets(copysheet.java:47)
	at mypackage.copysheet.copySheets(copysheet.java:47)
	at mypackage.copysheet.copySheets(copysheet.java:47)
	at mypackage.copysheet.copySheets(copysheet.java:47)
	at mypackage.copysheet.copySheets(copysheet.java:47)
	at mypackage.copysheet.copySheets(copysheet.java:47)
	at mypackage.copysheet.copySheets(copysheet.java:47)
	at mypackage.copysheet.copySheets(copysheet.java:47)
	at mypackage.copysheet.copySheets(copysheet.java:47)
	at mypackage.copysheet.copySheets(copysheet.java:47)
	at mypackage.copysheet.copySheets(copysheet.java:47)
	at mypackage.copysheet.copySheets(copysheet.java:47)
	at mypackage.copysheet.copySheets(copysheet.java:47)
	at mypackage.copysheet.copySheets(copysheet.java:47)
	at mypackage.copysheet.copySheets(copysheet.java:47)
	at mypackage.copysheet.copySheets(copysheet.java:47)
	at mypackage.copysheet.copySheets(copysheet.java:47)
	at mypackage.copysheet.copySheets(copysheet.java:47)
	at mypackage.copysheet.copySheets(copysheet.java:47)
	at mypackage.copysheet.copySheets(copysheet.java:47)
	at mypackage.copysheet.copySheets(copysheet.java:47)
	at mypackage.copysheet.copySheets(copysheet.java:47)
	at mypackage.copysheet.copySheets(copysheet.java:47)
	at mypackage.copysheet.copySheets(copysheet.java:47)
	at mypackage.copysheet.copySheets(copysheet.java:47)
	at mypackage.copysheet.copySheets(copysheet.java:47)
	at mypackage.copysheet.copySheets(copysheet.java:47)
	at mypackage.copysheet.copySheets(copysheet.java:47)
	at mypackage.copysheet.copySheets(copysheet.java:47)
	at mypackage.copysheet.copySheets(copysheet.java:47)
	at mypackage.copysheet.copySheets(copysheet.java:47)
	at mypackage.copysheet.copySheets(copysheet.java:47)
	at mypackage.copysheet.copySheets(copysheet.java:47)
	at mypackage.copysheet.copySheets(copysheet.java:47)
	at mypackage.copysheet.copySheets(copysheet.java:47)
	at mypackage.copysheet.copySheets(copysheet.java:47)
	at mypackage.copysheet.copySheets(copysheet.java:47)
	at mypackage.copysheet.copySheets(copysheet.java:47)
	at mypackage.copysheet.copySheets(copysheet.java:47)
	at mypackage.copysheet.copySheets(copysheet.java:47)
	at mypackage.copysheet.copySheets(copysheet.java:47)
	at mypackage.copysheet.copySheets(copysheet.java:47)
	at mypackage.copysheet.copySheets(copysheet.java:47)
	at mypackage.copysheet.copySheets(copysheet.java:47)
	at mypackage.copysheet.copySheets(copysheet.java:47)
	at mypackage.copysheet.copySheets(copysheet.java:47)
	at mypackage.copysheet.copySheets(copysheet.java:47)
	at mypackage.copysheet.copySheets(copysheet.java:47)
	at mypackage.copysheet.copySheets(copysheet.java:47)
	at mypackage.copysheet.copySheets(copysheet.java:47)
	at mypackage.copysheet.copySheets(copysheet.java:47)
	at mypackage.copysheet.copySheets(copysheet.java:47)
	at mypackage.copysheet.copySheets(copysheet.java:47)
	at mypackage.copysheet.copySheets(copysheet.java:47)
	at mypackage.copysheet.copySheets(copysheet.java:47)
	at mypackage.copysheet.copySheets(copysheet.java:47)
	at mypackage.copysheet.copySheets(copysheet.java:47)
	at mypackage.copysheet.copySheets(copysheet.java:47)
	at mypackage.copysheet.copySheets(copysheet.java:47)
	at mypackage.copysheet.copySheets(copysheet.java:47)
	at mypackage.copysheet.copySheets(copysheet.java:47)
	at mypackage.copysheet.copySheets(copysheet.java:47)
	at mypackage.copysheet.copySheets(copysheet.java:47)
	at mypackage.copysheet.copySheets(copysheet.java:47)
	at mypackage.copysheet.copySheets(copysheet.java:47)
	at mypackage.copysheet.copySheets(copysheet.java:47)
	at mypackage.copysheet.copySheets(copysheet.java:47)
	at mypackage.copysheet.copySheets(copysheet.java:47)
	at mypackage.copysheet.copySheets(copysheet.java:47)
	at mypackage.copysheet.copySheets(copysheet.java:47)
	at mypackage.copysheet.copySheets(copysheet.java:47)
	at mypackage.copysheet.copySheets(copysheet.java:47)
	at mypackage.copysheet.copySheets(copysheet.java:47)
	at mypackage.copysheet.copySheets(copysheet.java:47)
	at mypackage.copysheet.copySheets(copysheet.java:47)
	at mypackage.copysheet.copySheets(copysheet.java:47)
	at mypackage.copysheet.copySheets(copysheet.java:47)
	at mypackage.copysheet.copySheets(copysheet.java:47)
	at mypackage.copysheet.copySheets(copysheet.java:47)
	at mypackage.copysheet.copySheets(copysheet.java:47)
	at mypackage.copysheet.copySheets(copysheet.java:47)
	at mypackage.copysheet.copySheets(copysheet.java:47)
	at mypackage.copysheet.copySheets(copysheet.java:47)
	at mypackage.copysheet.copySheets(copysheet.java:47)
	at mypackage.copysheet.copySheets(copysheet.java:47)
	at mypackage.copysheet.copySheets(copysheet.java:47)
	at mypackage.copysheet.copySheets(copysheet.java:47)
	at mypackage.copysheet.copySheets(copysheet.java:47)
	at mypackage.copysheet.copySheets(copysheet.java:47)
	at mypackage.copysheet.copySheets(copysheet.java:47)
	at mypackage.copysheet.copySheets(copysheet.java:47)
	at mypackage.copysheet.copySheets(copysheet.java:47)
	at mypackage.copysheet.copySheets(copysheet.java:47)
	at mypackage.copysheet.copySheets(copysheet.java:47)
	at mypackage.copysheet.copySheets(copysheet.java:47)
	at mypackage.copysheet.copySheets(copysheet.java:47)
	at mypackage.copysheet.copySheets(copysheet.java:47)
	at mypackage.copysheet.copySheets(copysheet.java:47)
	at mypackage.copysheet.copySheets(copysheet.java:47)
	at mypackage.copysheet.copySheets(copysheet.java:47)
	at mypackage.copysheet.copySheets(copysheet.java:47)
	at mypackage.copysheet.copySheets(copysheet.java:47)
	at mypackage.copysheet.copySheets(copysheet.java:47)
	at mypackage.copysheet.copySheets(copysheet.java:47)
	at mypackage.copysheet.copySheets(copysheet.java:47)
	at mypackage.copysheet.copySheets(copysheet.java:47)
	at mypackage.copysheet.copySheets(copysheet.java:47)
	at mypackage.copysheet.copySheets(copysheet.java:47)
	at mypackage.copysheet.copySheets(copysheet.java:47)
	at mypackage.copysheet.copySheets(copysheet.java:47)
	at mypackage.copysheet.copySheets(copysheet.java:47)
	at mypackage.copysheet.copySheets(copysheet.java:47)
	at mypackage.copysheet.copySheets(copysheet.java:47)
	at mypackage.copysheet.copySheets(copysheet.java:47)
	at mypackage.copysheet.copySheets(copysheet.java:47)
	at mypackage.copysheet.copySheets(copysheet.java:47)
	at mypackage.copysheet.copySheets(copysheet.java:47)
	at mypackage.copysheet.copySheets(copysheet.java:47)
	at mypackage.copysheet.copySheets(copysheet.java:47)
	at mypackage.copysheet.copySheets(copysheet.java:47)
	at mypackage.copysheet.copySheets(copysheet.java:47)
	at mypackage.copysheet.copySheets(copysheet.java:47)
	at mypackage.copysheet.copySheets(copysheet.java:47)
	at mypackage.copysheet.copySheets(copysheet.java:47)
	at mypackage.copysheet.copySheets(copysheet.java:47)
	at mypackage.copysheet.copySheets(copysheet.java:47)
	at mypackage.copysheet.copySheets(copysheet.java:47)
	at mypackage.copysheet.copySheets(copysheet.java:47)
	at mypackage.copysheet.copySheets(copysheet.java:47)
	at mypackage.copysheet.copySheets(copysheet.java:47)
	at mypackage.copysheet.copySheets(copysheet.java:47)
	at mypackage.copysheet.copySheets(copysheet.java:47)
	at mypackage.copysheet.copySheets(copysheet.java:47)
	at mypackage.copysheet.copySheets(copysheet.java:47)
	at mypackage.copysheet.copySheets(copysheet.java:47)
	at mypackage.copysheet.copySheets(copysheet.java:47)
	at mypackage.copysheet.copySheets(copysheet.java:47)
	at mypackage.copysheet.copySheets(copysheet.java:47)
	at mypackage.copysheet.copySheets(copysheet.java:47)
	at mypackage.copysheet.copySheets(copysheet.java:47)
	at mypackage.copysheet.copySheets(copysheet.java:47)
	at mypackage.copysheet.copySheets(copysheet.java:47)
	at mypackage.copysheet.copySheets(copysheet.java:47)
	at mypackage.copysheet.copySheets(copysheet.java:47)
	at mypackage.copysheet.copySheets(copysheet.java:47)
	at mypackage.copysheet.copySheets(copysheet.java:47)
	at mypackage.copysheet.copySheets(copysheet.java:47)
	at mypackage.copysheet.copySheets(copysheet.java:47)
	at mypackage.copysheet.copySheets(copysheet.java:47)
	at mypackage.copysheet.copySheets(copysheet.java:47)
	at mypackage.copysheet.copySheets(copysheet.java:47)
	at mypackage.copysheet.copySheets(copysheet.java:47)
	at mypackage.copysheet.copySheets(copysheet.java:47)
	at mypackage.copysheet.copySheets(copysheet.java:47)
	at mypackage.copysheet.copySheets(copysheet.java:47)
	at mypackage.copysheet.copySheets(copysheet.java:47)
	at mypackage.copysheet.copySheets(copysheet.java:47)
	at mypackage.copysheet.copySheets(copysheet.java:47)
	at mypackage.copysheet.copySheets(copysheet.java:47)
	at mypackage.copysheet.copySheets(copysheet.java:47)
	at mypackage.copysheet.copySheets(copysheet.java:47)
	at mypackage.copysheet.copySheets(copysheet.java:47)
	at mypackage.copysheet.copySheets(copysheet.java:47)
	at mypackage.copysheet.copySheets(copysheet.java:47)
	at mypackage.copysheet.copySheets(copysheet.java:47)
	at mypackage.copysheet.copySheets(copysheet.java:47)
	at mypackage.copysheet.copySheets(copysheet.java:47)
	at mypackage.copysheet.copySheets(copysheet.java:47)
	at mypackage.copysheet.copySheets(copysheet.java:47)
	at mypackage.copysheet.copySheets(copysheet.java:47)
	at mypackage.copysheet.copySheets(copysheet.java:47)
	at mypackage.copysheet.copySheets(copysheet.java:47)
	at mypackage.copysheet.copySheets(copysheet.java:47)
	at mypackage.copysheet.copySheets(copysheet.java:47)
	at mypackage.copysheet.copySheets(copysheet.java:47)
	at mypackage.copysheet.copySheets(copysheet.java:47)
	at mypackage.copysheet.copySheets(copysheet.java:47)
	at mypackage.copysheet.copySheets(copysheet.java:47)
	at mypackage.copysheet.copySheets(copysheet.java:47)
	at mypackage.copysheet.copySheets(copysheet.java:47)
	at mypackage.copysheet.copySheets(copysheet.java:47)
	at mypackage.copysheet.copySheets(copysheet.java:47)
	at mypackage.copysheet.copySheets(copysheet.java:47)
	at mypackage.copysheet.copySheets(copysheet.java:47)
	at mypackage.copysheet.copySheets(copysheet.java:47)
	at mypackage.copysheet.copySheets(copysheet.java:47)
	at mypackage.copysheet.copySheets(copysheet.java:47)
	at mypackage.copysheet.copySheets(copysheet.java:47)
	at mypackage.copysheet.copySheets(copysheet.java:47)
	at mypackage.copysheet.copySheets(copysheet.java:47)
	at mypackage.copysheet.copySheets(copysheet.java:47)
	at mypackage.copysheet.copySheets(copysheet.java:47)
	at mypackage.copysheet.copySheets(copysheet.java:47)
	at mypackage.copysheet.copySheets(copysheet.java:47)
	at mypackage.copysheet.copySheets(copysheet.java:47)
	at mypackage.copysheet.copySheets(copysheet.java:47)
	at mypackage.copysheet.copySheets(copysheet.java:47)
	at mypackage.copysheet.copySheets(copysheet.java:47)
	at mypackage.copysheet.copySheets(copysheet.java:47)
	at mypackage.copysheet.copySheets(copysheet.java:47)
	at mypackage.copysheet.copySheets(copysheet.java:47)
	at mypackage.copysheet.copySheets(copysheet.java:47)
	at mypackage.copysheet.copySheets(copysheet.java:47)
	at mypackage.copysheet.copySheets(copysheet.java:47)
	at mypackage.copysheet.copySheets(copysheet.java:47)
	at mypackage.copysheet.copySheets(copysheet.java:47)
	at mypackage.copysheet.copySheets(copysheet.java:47)
	at mypackage.copysheet.copySheets(copysheet.java:47)
	at mypackage.copysheet.copySheets(copysheet.java:47)
	at mypackage.copysheet.copySheets(copysheet.java:47)
	at mypackage.copysheet.copySheets(copysheet.java:47)
	at mypackage.copysheet.copySheets(copysheet.java:47)
	at mypackage.copysheet.copySheets(copysheet.java:47)
	at mypackage.copysheet.copySheets(copysheet.java:47)
	at mypackage.copysheet.copySheets(copysheet.java:47)
	at mypackage.copysheet.copySheets(copysheet.java:47)
	at mypackage.copysheet.copySheets(copysheet.java:47)
	at mypackage.copysheet.copySheets(copysheet.java:47)
	at mypackage.copysheet.copySheets(copysheet.java:47)
	at mypackage.copysheet.copySheets(copysheet.java:47)
	at mypackage.copysheet.copySheets(copysheet.java:47)
	at mypackage.copysheet.copySheets(copysheet.java:47)
	at mypackage.copysheet.copySheets(copysheet.java:47)
	at mypackage.copysheet.copySheets(copysheet.java:47)
	at mypackage.copysheet.copySheets(copysheet.java:47)
	at mypackage.copysheet.copySheets(copysheet.java:47)
	at mypackage.copysheet.copySheets(copysheet.java:47)
	at mypackage.copysheet.copySheets(copysheet.java:47)
	at mypackage.copysheet.copySheets(copysheet.java:47)
	at mypackage.copysheet.copySheets(copysheet.java:47)
	at mypackage.copysheet.copySheets(copysheet.java:47)
	at mypackage.copysheet.copySheets(copysheet.java:47)
	at mypackage.copysheet.copySheets(copysheet.java:47)
	at mypackage.copysheet.copySheets(copysheet.java:47)
	at mypackage.copysheet.copySheets(copysheet.java:47)
	at mypackage.copysheet.copySheets(copysheet.java:47)
	at mypackage.copysheet.copySheets(copysheet.java:47)
	at mypackage.copysheet.copySheets(copysheet.java:47)
	at mypackage.copysheet.copySheets(copysheet.java:47)
	at mypackage.copysheet.copySheets(copysheet.java:47)
	at mypackage.copysheet.copySheets(copysheet.java:47)
	at mypackage.copysheet.copySheets(copysheet.java:47)
	at mypackage.copysheet.copySheets(copysheet.java:47)
	at mypackage.copysheet.copySheets(copysheet.java:47)
	at mypackage.copysheet.copySheets(copysheet.java:47)
	at mypackage.copysheet.copySheets(copysheet.java:47)
	at mypackage.copysheet.copySheets(copysheet.java:47)
	at mypackage.copysheet.copySheets(copysheet.java:47)
	at mypackage.copysheet.copySheets(copysheet.java:47)
	at mypackage.copysheet.copySheets(copysheet.java:47)
	at mypackage.copysheet.copySheets(copysheet.java:47)
	at mypackage.copysheet.copySheets(copysheet.java:47)
	at mypackage.copysheet.copySheets(copysheet.java:47)
	at mypackage.copysheet.copySheets(copysheet.java:47)
	at mypackage.copysheet.copySheets(copysheet.java:47)
	at mypackage.copysheet.copySheets(copysheet.java:47)
	at mypackage.copysheet.copySheets(copysheet.java:47)
	at mypackage.copysheet.copySheets(copysheet.java:47)
	at mypackage.copysheet.copySheets(copysheet.java:47)
	at mypackage.copysheet.copySheets(copysheet.java:47)
	at mypackage.copysheet.copySheets(copysheet.java:47)
	at mypackage.copysheet.copySheets(copysheet.java:47)
	at mypackage.copysheet.copySheets(copysheet.java:47)
	at mypackage.copysheet.copySheets(copysheet.java:47)
	at mypackage.copysheet.copySheets(copysheet.java:47)
	at mypackage.copysheet.copySheets(copysheet.java:47)
	at mypackage.copysheet.copySheets(copysheet.java:47)
	at mypackage.copysheet.copySheets(copysheet.java:47)
	at mypackage.copysheet.copySheets(copysheet.java:47)
	at mypackage.copysheet.copySheets(copysheet.java:47)
	at mypackage.copysheet.copySheets(copysheet.java:47)
	at mypackage.copysheet.copySheets(copysheet.java:47)
	at mypackage.copysheet.copySheets(copysheet.java:47)
	at mypackage.copysheet.copySheets(copysheet.java:47)
	at mypackage.copysheet.copySheets(copysheet.java:47)
	at mypackage.copysheet.copySheets(copysheet.java:47)
	at mypackage.copysheet.copySheets(copysheet.java:47)
	at mypackage.copysheet.copySheets(copysheet.java:47)
	at mypackage.copysheet.copySheets(copysheet.java:47)
	at mypackage.copysheet.copySheets(copysheet.java:47)
	at mypackage.copysheet.copySheets(copysheet.java:47)
	at mypackage.copysheet.copySheets(copysheet.java:47)
	at mypackage.copysheet.copySheets(copysheet.java:47)
	at mypackage.copysheet.copySheets(copysheet.java:47)
	at mypackage.copysheet.copySheets(copysheet.java:47)
	at mypackage.copysheet.copySheets(copysheet.java:47)
	at mypackage.copysheet.copySheets(copysheet.java:47)
	at mypackage.copysheet.copySheets(copysheet.java:47)
	at mypackage.copysheet.copySheets(copysheet.java:47)
	at mypackage.copysheet.copySheets(copysheet.java:47)
	at mypackage.copysheet.copySheets(copysheet.java:47)
	at mypackage.copysheet.copySheets(copysheet.java:47)
	at mypackage.copysheet.copySheets(copysheet.java:47)
	at mypackage.copysheet.copySheets(copysheet.java:47)
	at mypackage.copysheet.copySheets(copysheet.java:47)
	at mypackage.copysheet.copySheets(copysheet.java:47)
	at mypackage.copysheet.copySheets(copysheet.java:47)
	at mypackage.copysheet.copySheets(copysheet.java:47)
	at mypackage.copysheet.copySheets(copysheet.java:47)
	at mypackage.copysheet.copySheets(copysheet.java:47)
	at mypackage.copysheet.copySheets(copysheet.java:47)
	at mypackage.copysheet.copySheets(copysheet.java:47)
	at mypackage.copysheet.copySheets(copysheet.java:47)
	at mypackage.copysheet.copySheets(copysheet.java:47)
	at mypackage.copysheet.copySheets(copysheet.java:47)
	at mypackage.copysheet.copySheets(copysheet.java:47)
	at mypackage.copysheet.copySheets(copysheet.java:47)
	at mypackage.copysheet.copySheets(copysheet.java:47)
	at mypackage.copysheet.copySheets(copysheet.java:47)
	at mypackage.copysheet.copySheets(copysheet.java:47)
	at mypackage.copysheet.copySheets(copysheet.java:47)
	at mypackage.copysheet.copySheets(copysheet.java:47)
	at mypackage.copysheet.copySheets(copysheet.java:47)
	at mypackage.copysheet.copySheets(copysheet.java:47)
	at mypackage.copysheet.copySheets(copysheet.java:47)
	at mypackage.copysheet.copySheets(copysheet.java:47)
	at mypackage.copysheet.copySheets(copysheet.java:47)
	at mypackage.copysheet.copySheets(copysheet.java:47)
	at mypackage.copysheet.copySheets(copysheet.java:47)
	at mypackage.copysheet.copySheets(copysheet.java:47)
	at mypackage.copysheet.copySheets(copysheet.java:47)
	at mypackage.copysheet.copySheets(copysheet.java:47)
	at mypackage.copysheet.copySheets(copysheet.java:47)
	at mypackage.copysheet.copySheets(copysheet.java:47)
	at mypackage.copysheet.copySheets(copysheet.java:47)
	at mypackage.copysheet.copySheets(copysheet.java:47)
	at mypackage.copysheet.copySheets(copysheet.java:47)
	at mypackage.copysheet.copySheets(copysheet.java:47)
	at mypackage.copysheet.copySheets(copysheet.java:47)
	at mypackage.copysheet.copySheets(copysheet.java:47)
	at mypackage.copysheet.copySheets(copysheet.java:47)
	at mypackage.copysheet.copySheets(copysheet.java:47)
	at mypackage.copysheet.copySheets(copysheet.java:47)
	at mypackage.copysheet.copySheets(copysheet.java:47)
	at mypackage.copysheet.copySheets(copysheet.java:47)
	at mypackage.copysheet.copySheets(copysheet.java:47)
	at mypackage.copysheet.copySheets(copysheet.java:47)
	at mypackage.copysheet.copySheets(copysheet.java:47)
	at mypackage.copysheet.copySheets(copysheet.java:47)
	at mypackage.copysheet.copySheets(copysheet.java:47)
	at mypackage.copysheet.copySheets(copysheet.java:47)
	at mypackage.copysheet.copySheets(copysheet.java:47)
	at mypackage.copysheet.copySheets(copysheet.java:47)
	at mypackage.copysheet.copySheets(copysheet.java:47)
	at mypackage.copysheet.copySheets(copysheet.java:47)
	at mypackage.copysheet.copySheets(copysheet.java:47)
	at mypackage.copysheet.copySheets(copysheet.java:47)
	at mypackage.copysheet.copySheets(copysheet.java:47)
	at mypackage.copysheet.copySheets(copysheet.java:47)
	at mypackage.copysheet.copySheets(copysheet.java:47)
	at mypackage.copysheet.copySheets(copysheet.java:47)
	at mypackage.copysheet.copySheets(copysheet.java:47)
	at mypackage.copysheet.copySheets(copysheet.java:47)
	at mypackage.copysheet.copySheets(copysheet.java:47)
	at mypackage.copysheet.copySheets(copysheet.java:47)
	at mypackage.copysheet.copySheets(copysheet.java:47)
	at mypackage.copysheet.copySheets(copysheet.java:47)
	at mypackage.copysheet.copySheets(copysheet.java:47)
	at mypackage.copysheet.copySheets(copysheet.java:47)
	at mypackage.copysheet.copySheets(copysheet.java:47)
	at mypackage.copysheet.copySheets(copysheet.java:47)
	at mypackage.copysheet.copySheets(copysheet.java:47)
	at mypackage.copysheet.copySheets(copysheet.java:47)
	at mypackage.copysheet.copySheets(copysheet.java:47)
	at mypackage.copysheet.copySheets(copysheet.java:47)
	at mypackage.copysheet.copySheets(copysheet.java:47)
	at mypackage.copysheet.copySheets(copysheet.java:47)
	at mypackage.copysheet.copySheets(copysheet.java:47)
	at mypackage.copysheet.copySheets(copysheet.java:47)
	at mypackage.copysheet.copySheets(copysheet.java:47)
	at mypackage.copysheet.copySheets(copysheet.java:47)
	at mypackage.copysheet.copySheets(copysheet.java:47)
	at mypackage.copysheet.copySheets(copysheet.java:47)
	at mypackage.copysheet.copySheets(copysheet.java:47)
	at mypackage.copysheet.copySheets(copysheet.java:47)
	at mypackage.copysheet.copySheets(copysheet.java:47)
	at mypackage.copysheet.copySheets(copysheet.java:47)
	at mypackage.copysheet.copySheets(copysheet.java:47)
	at mypackage.copysheet.copySheets(copysheet.java:47)
	at mypackage.copysheet.copySheets(copysheet.java:47)
	at mypackage.copysheet.copySheets(copysheet.java:47)
	at mypackage.copysheet.copySheets(copysheet.java:47)
	at mypackage.copysheet.copySheets(copysheet.java:47)
	at mypackage.copysheet.copySheets(copysheet.java:47)
	at mypackage.copysheet.copySheets(copysheet.java:47)
	at mypackage.copysheet.copySheets(copysheet.java:47)
	at mypackage.copysheet.copySheets(copysheet.java:47)
	at mypackage.copysheet.copySheets(copysheet.java:47)
	at mypackage.copysheet.copySheets(copysheet.java:47)
	at mypackage.copysheet.copySheets(copysheet.java:47)
	at mypackage.copysheet.copySheets(copysheet.java:47)
	at mypackage.copysheet.copySheets(copysheet.java:47)
	at mypackage.copysheet.copySheets(copysheet.java:47)
	at mypackage.copysheet.copySheets(copysheet.java:47)
	at mypackage.copysheet.copySheets(copysheet.java:47)
	at mypackage.copysheet.copySheets(copysheet.java:47)
	at mypackage.copysheet.copySheets(copysheet.java:47)
	at mypackage.copysheet.copySheets(copysheet.java:47)
	at mypackage.copysheet.copySheets(copysheet.java:47)
	at mypackage.copysheet.copySheets(copysheet.java:47)
	at mypackage.copysheet.copySheets(copysheet.java:47)
	at mypackage.copysheet.copySheets(copysheet.java:47)
	at mypackage.copysheet.copySheets(copysheet.java:47)
	at mypackage.copysheet.copySheets(copysheet.java:47)
	at mypackage.copysheet.copySheets(copysheet.java:47)
	at mypackage.copysheet.copySheets(copysheet.java:47)
	at mypackage.copysheet.copySheets(copysheet.java:47)
	at mypackage.copysheet.copySheets(copysheet.java:47)
	at mypackage.copysheet.copySheets(copysheet.java:47)
	at mypackage.copysheet.copySheets(copysheet.java:47)
	at mypackage.copysheet.copySheets(copysheet.java:47)
	at mypackage.copysheet.copySheets(copysheet.java:47)
	at mypackage.copysheet.copySheets(copysheet.java:47)
	at mypackage.copysheet.copySheets(copysheet.java:47)
	at mypackage.copysheet.copySheets(copysheet.java:47)
	at mypackage.copysheet.copySheets(copysheet.java:47)
	at mypackage.copysheet.copySheets(copysheet.java:47)
	at mypackage.copysheet.copySheets(copysheet.java:47)
	at mypackage.copysheet.copySheets(copysheet.java:47)
	at mypackage.copysheet.copySheets(copysheet.java:47)
	at mypackage.copysheet.copySheets(copysheet.java:47)
	at mypackage.copysheet.copySheets(copysheet.java:47)
	at mypackage.copysheet.copySheets(copysheet.java:47)
	at mypackage.copysheet.copySheets(copysheet.java:47)
	at mypackage.copysheet.copySheets(copysheet.java:47)
	at mypackage.copysheet.copySheets(copysheet.java:47)
	at mypackage.copysheet.copySheets(copysheet.java:47)
	at mypackage.copysheet.copySheets(copysheet.java:47)
	at mypackage.copysheet.copySheets(copysheet.java:47)
	at mypackage.copysheet.copySheets(copysheet.java:47)
	at mypackage.copysheet.copySheets(copysheet.java:47)
	at mypackage.copysheet.copySheets(copysheet.java:47)
	at mypackage.copysheet.copySheets(copysheet.java:47)
	at mypackage.copysheet.copySheets(copysheet.java:47)
	at mypackage.copysheet.copySheets(copysheet.java:47)
	at mypackage.copysheet.copySheets(copysheet.java:47)
	at mypackage.copysheet.copySheets(copysheet.java:47)
	at mypackage.copysheet.copySheets(copysheet.java:47)
	at mypackage.copysheet.copySheets(copysheet.java:47)
	at mypackage.copysheet.copySheets(copysheet.java:47)
	at mypackage.copysheet.copySheets(copysheet.java:47)
	at mypackage.copysheet.copySheets(copysheet.java:47)
	at mypackage.copysheet.copySheets(copysheet.java:47)
	at mypackage.copysheet.copySheets(copysheet.java:47)
	at mypackage.copysheet.copySheets(copysheet.java:47)
	at mypackage.copysheet.copySheets(copysheet.java:47)
	at mypackage.copysheet.copySheets(copysheet.java:47)
	at mypackage.copysheet.copySheets(copysheet.java:47)
	at mypackage.copysheet.copySheets(copysheet.java:47)
	at mypackage.copysheet.copySheets(copysheet.java:47)
	at mypackage.copysheet.copySheets(copysheet.java:47)
	at mypackage.copysheet.copySheets(copysheet.java:47)
	at mypackage.copysheet.copySheets(copysheet.java:47)
	at mypackage.copysheet.copySheets(copysheet.java:47)
	at mypackage.copysheet.copySheets(copysheet.java:47)
	at mypackage.copysheet.copySheets(copysheet.java:47)
	at mypackage.copysheet.copySheets(copysheet.java:47)
	at mypackage.copysheet.copySheets(copysheet.java:47)
	at mypackage.copysheet.copySheets(copysheet.java:47)
	at mypackage.copysheet.copySheets(copysheet.java:47)
	at mypackage.copysheet.copySheets(copysheet.java:47)
	at mypackage.copysheet.copySheets(copysheet.java:47)
	at mypackage.copysheet.copySheets(copysheet.java:47)
	at mypackage.copysheet.copySheets(copysheet.java:47)
	at mypackage.copysheet.copySheets(copysheet.java:47)
	at mypackage.copysheet.copySheets(copysheet.java:47)
	at mypackage.copysheet.copySheets(copysheet.java:47)
	at mypackage.copysheet.copySheets(copysheet.java:47)
	at mypackage.copysheet.copySheets(copysheet.java:47)
	at mypackage.copysheet.copySheets(copysheet.java:47)
	at mypackage.copysheet.copySheets(copysheet.java:47)
	at mypackage.copysheet.copySheets(copysheet.java:47)
	at mypackage.copysheet.copySheets(copysheet.java:47)
	at mypackage.copysheet.copySheets(copysheet.java:47)
	at mypackage.copysheet.copySheets(copysheet.java:47)
	at mypackage.copysheet.copySheets(copysheet.java:47)
	at mypackage.copysheet.copySheets(copysheet.java:47)
	at mypackage.copysheet.copySheets(copysheet.java:47)
	at mypackage.copysheet.copySheets(copysheet.java:47)
	at mypackage.copysheet.copySheets(copysheet.java:47)
	at mypackage.copysheet.copySheets(copysheet.java:47)
	at mypackage.copysheet.copySheets(copysheet.java:47)
	at mypackage.copysheet.copySheets(copysheet.java:47)
	at mypackage.copysheet.copySheets(copysheet.java:47)
	at mypackage.copysheet.copySheets(copysheet.java:47)
	at mypackage.copysheet.copySheets(copysheet.java:47)
	at mypackage.copysheet.copySheets(copysheet.java:47)
	at mypackage.copysheet.copySheets(copysheet.java:47)
	at mypackage.copysheet.copySheets(copysheet.java:47)
	at mypackage.copysheet.copySheets(copysheet.java:47)
	at mypackage.copysheet.copySheets(copysheet.java:47)
	at mypackage.copysheet.copySheets(copysheet.java:47)
	at mypackage.copysheet.copySheets(copysheet.java:47)
	at mypackage.copysheet.copySheets(copysheet.java:47)
	at mypackage.copysheet.copySheets(copysheet.java:47)
	at mypackage.copysheet.copySheets(copysheet.java:47)
	at mypackage.copysheet.copySheets(copysheet.java:47)
	at mypackage.copysheet.copySheets(copysheet.java:47)
	at mypackage.copysheet.copySheets(copysheet.java:47)
	at mypackage.copysheet.copySheets(copysheet.java:47)
	at mypackage.copysheet.copySheets(copysheet.java:47)
	at mypackage.copysheet.copySheets(copysheet.java:47)
	at mypackage.copysheet.copySheets(copysheet.java:47)
	at mypackage.copysheet.copySheets(copysheet.java:47)
	at mypackage.copysheet.copySheets(copysheet.java:47)
	at mypackage.copysheet.copySheets(copysheet.java:47)
	at mypackage.copysheet.copySheets(copysheet.java:47)
	at mypackage.copysheet.copySheets(copysheet.java:47)
	at mypackage.copysheet.copySheets(copysheet.java:47)
	at mypackage.copysheet.copySheets(copysheet.java:47)
	at mypackage.copysheet.copySheets(copysheet.java:47)
	at mypackage.copysheet.copySheets(copysheet.java:47)
	at mypackage.copysheet.copySheets(copysheet.java:47)
	at mypackage.copysheet.copySheets(copysheet.java:47)
	at mypackage.copysheet.copySheets(copysheet.java:47)
	at mypackage.copysheet.copySheets(copysheet.java:47)
	at mypackage.copysheet.copySheets(copysheet.java:47)
	at mypackage.copysheet.copySheets(copysheet.java:47)
	at mypackage.copysheet.copySheets(copysheet.java:47)
	at mypackage.copysheet.copySheets(copysheet.java:47)
	at mypackage.copysheet.copySheets(copysheet.java:47)
	at mypackage.copysheet.copySheets(copysheet.java:47)
	at mypackage.copysheet.copySheets(copysheet.java:47)
	at mypackage.copysheet.copySheets(copysheet.java:47)
	at mypackage.copysheet.copySheets(copysheet.java:47)
	at mypackage.copysheet.copySheets(copysheet.java:47)
	at mypackage.copysheet.copySheets(copysheet.java:47)
	at mypackage.copysheet.copySheets(copysheet.java:47)
	at mypackage.copysheet.copySheets(copysheet.java:47)
	at mypackage.copysheet.copySheets(copysheet.java:47)
	at mypackage.copysheet.copySheets(copysheet.java:47)
	at mypackage.copysheet.copySheets(copysheet.java:47)
	at mypackage.copysheet.copySheets(copysheet.java:47)
	at mypackage.copysheet.copySheets(copysheet.java:47)
	at mypackage.copysheet.copySheets(copysheet.java:47)
	at mypackage.copysheet.copySheets(copysheet.java:47)
	at mypackage.copysheet.copySheets(copysheet.java:47)
	at mypackage.copysheet.copySheets(copysheet.java:47)
	at mypackage.copysheet.copySheets(copysheet.java:47)
	at mypackage.copysheet.copySheets(copysheet.java:47)
	at mypackage.copysheet.copySheets(copysheet.java:47)
	at mypackage.copysheet.copySheets(copysheet.java:47)
	at mypackage.copysheet.copySheets(copysheet.java:47)
	at mypackage.copysheet.copySheets(copysheet.java:47)
	at mypackage.copysheet.copySheets(copysheet.java:47)
	at mypackage.copysheet.copySheets(copysheet.java:47)
	at mypackage.copysheet.copySheets(copysheet.java:47)
	at mypackage.copysheet.copySheets(copysheet.java:47)
	at mypackage.copysheet.copySheets(copysheet.java:47)
	at mypackage.copysheet.copySheets(copysheet.java:47)
	at mypackage.copysheet.copySheets(copysheet.java:47)
	at mypackage.copysheet.copySheets(copysheet.java:47)
	at mypackage.copysheet.copySheets(copysheet.java:47)
	at mypackage.copysheet.copySheets(copysheet.java:47)
	at mypackage.copysheet.copySheets(copysheet.java:47)
	at mypackage.copysheet.copySheets(copysheet.java:47)
	at mypackage.copysheet.copySheets(copysheet.java:47)
	at mypackage.copysheet.copySheets(copysheet.java:47)
	at mypackage.copysheet.copySheets(copysheet.java:47)
	at mypackage.copysheet.copySheets(copysheet.java:47)
	at mypackage.copysheet.copySheets(copysheet.java:47)
	at mypackage.copysheet.copySheets(copysheet.java:47)
	at mypackage.copysheet.copySheets(copysheet.java:47)
	at mypackage.copysheet.copySheets(copysheet.java:47)
	at mypackage.copysheet.copySheets(copysheet.java:47)
	at mypackage.copysheet.copySheets(copysheet.java:47)
	at mypackage.copysheet.copySheets(copysheet.java:47)
	at mypackage.copysheet.copySheets(copysheet.java:47)
	at mypackage.copysheet.copySheets(copysheet.java:47)
	at mypackage.copysheet.copySheets(copysheet.java:47)
	at mypackage.copysheet.copySheets(copysheet.java:47)
	at mypackage.copysheet.copySheets(copysheet.java:47)
	at mypackage.copysheet.copySheets(copysheet.java:47)
	at mypackage.copysheet.copySheets(copysheet.java:47)
	at mypackage.copysheet.copySheets(copysheet.java:47)
	at mypackage.copysheet.copySheets(copysheet.java:47)
	at mypackage.copysheet.copySheets(copysheet.java:47)
	at mypackage.copysheet.copySheets(copysheet.java:47)
	at mypackage.copysheet.copySheets(copysheet.java:47)
	at mypackage.copysheet.copySheets(copysheet.java:47)
	at mypackage.copysheet.copySheets(copysheet.java:47)
	at mypackage.copysheet.copySheets(copysheet.java:47)
	at mypackage.copysheet.copySheets(copysheet.java:47)
	at mypackage.copysheet.copySheets(copysheet.java:47)
	at mypackage.copysheet.copySheets(copysheet.java:47)
	at mypackage.copysheet.copySheets(copysheet.java:47)
	at mypackage.copysheet.copySheets(copysheet.java:47)
	at mypackage.copysheet.copySheets(copysheet.java:47)
	at mypackage.copysheet.copySheets(copysheet.java:47)
	at mypackage.copysheet.copySheets(copysheet.java:47)
	at mypackage.copysheet.copySheets(copysheet.java:47)
	at mypackage.copysheet.copySheets(copysheet.java:47)
	at mypackage.copysheet.copySheets(copysheet.java:47)
	at mypackage.copysheet.copySheets(copysheet.java:47)
	at mypackage.copysheet.copySheets(copysheet.java:47)
	at mypackage.copysheet.copySheets(copysheet.java:47)
	at mypackage.copysheet.copySheets(copysheet.java:47)
	at mypackage.copysheet.copySheets(copysheet.java:47)
	at mypackage.copysheet.copySheets(copysheet.java:47)
	at mypackage.copysheet.copySheets(copysheet.java:47)
	at mypackage.copysheet.copySheets(copysheet.java:47)
	at mypackage.copysheet.copySheets(copysheet.java:47)
	at mypackage.copysheet.copySheets(copysheet.java:47)
	at mypackage.copysheet.copySheets(copysheet.java:47)
	at mypackage.copysheet.copySheets(copysheet.java:47)
	at mypackage.copysheet.copySheets(copysheet.java:47)
	at mypackage.copysheet.copySheets(copysheet.java:47)
	at mypackage.copysheet.copySheets(copysheet.java:47)
	at mypackage.copysheet.copySheets(copysheet.java:47)
	at mypackage.copysheet.copySheets(copysheet.java:47)
	at mypackage.copysheet.copySheets(copysheet.java:47)
	at mypackage.copysheet.copySheets(copysheet.java:47)
	at mypackage.copysheet.copySheets(copysheet.java:47)
	at mypackage.copysheet.copySheets(copysheet.java:47)
	at mypackage.copysheet.copySheets(copysheet.java:47)
	at mypackage.copysheet.copySheets(copysheet.java:47)
	at mypackage.copysheet.copySheets(copysheet.java:47)
	at mypackage.copysheet.copySheets(copysheet.java:47)
	at mypackage.copysheet.copySheets(copysheet.java:47)
	at mypackage.copysheet.copySheets(copysheet.java:47)
	at mypackage.copysheet.copySheets(copysheet.java:47)
	at mypackage.copysheet.copySheets(copysheet.java:47)
	at mypackage.copysheet.copySheets(copysheet.java:47)
	at mypackage.copysheet.copySheets(copysheet.java:47)
	at mypackage.copysheet.copySheets(copysheet.java:47)
	at mypackage.copysheet.copySheets(copysheet.java:47)
	at mypackage.copysheet.copySheets(copysheet.java:47)
	at mypackage.copysheet.copySheets(copysheet.java:47)
	at mypackage.copysheet.copySheets(copysheet.java:47)
	at mypackage.copysheet.copySheets(copysheet.java:47)
	at mypackage.copysheet.copySheets(copysheet.java:47)
	at mypackage.copysheet.copySheets(copysheet.java:47)
	at mypackage.copysheet.copySheets(copysheet.java:47)
	at mypackage.copysheet.copySheets(copysheet.java:47)
	at mypackage.copysheet.copySheets(copysheet.java:47)
	at mypackage.copysheet.copySheets(copysheet.java:47)
	at mypackage.copysheet.copySheets(copysheet.java:47)
	at mypackage.copysheet.copySheets(copysheet.java:47)
	at mypackage.copysheet.copySheets(copysheet.java:47)
	at mypackage.copysheet.copySheets(copysheet.java:47)
	at mypackage.copysheet.copySheets(copysheet.java:47)
	at mypackage.copysheet.copySheets(copysheet.java:47)
	at mypackage.copysheet.copySheets(copysheet.java:47)
	at mypackage.copysheet.copySheets(copysheet.java:47)
	at mypackage.copysheet.copySheets(copysheet.java:47)
	at mypackage.copysheet.copySheets(copysheet.java:47)
	at mypackage.copysheet.copySheets(copysheet.java:47)
	at mypackage.copysheet.copySheets(copysheet.java:47)
	at mypackage.copysheet.copySheets(copysheet.java:47)
	at mypackage.copysheet.copySheets(copysheet.java:47)
	at mypackage.copysheet.copySheets(copysheet.java:47)
	at mypackage.copysheet.copySheets(copysheet.java:47)
	at mypackage.copysheet.copySheets(copysheet.java:47)
	at mypackage.copysheet.copySheets(copysheet.java:47)
	at mypackage.copysheet.copySheets(copysheet.java:47)
	at mypackage.copysheet.copySheets(copysheet.java:47)
	at mypackage.copysheet.copySheets(copysheet.java:47)
	at mypackage.copysheet.copySheets(copysheet.java:47)
	at mypackage.copysheet.copySheets(copysheet.java:47)
	at mypackage.copysheet.copySheets(copysheet.java:47)
	at mypackage.copysheet.copySheets(copysheet.java:47)
	at mypackage.copysheet.copySheets(copysheet.java:47)
	at mypackage.copysheet.copySheets(copysheet.java:47)
	at mypackage.copysheet.copySheets(copysheet.java:47)
	at mypackage.copysheet.copySheets(copysheet.java:47)
	at mypackage.copysheet.copySheets(copysheet.java:47)
	at mypackage.copysheet.copySheets(copysheet.java:47)
	at mypackage.copysheet.copySheets(copysheet.java:47)
	at mypackage.copysheet.copySheets(copysheet.java:47)
	at mypackage.copysheet.copySheets(copysheet.java:47)
	at mypackage.copysheet.copySheets(copysheet.java:47)
	at mypackage.copysheet.copySheets(copysheet.java:47)
	at mypackage.copysheet.copySheets(copysheet.java:47)
	at mypackage.copysheet.copySheets(copysheet.java:47)
	at mypackage.copysheet.copySheets(copysheet.java:47)
	at mypackage.copysheet.copySheets(copysheet.java:47)
	at mypackage.copysheet.copySheets(copysheet.java:47)
	at mypackage.copysheet.copySheets(copysheet.java:47)
	at mypackage.copysheet.copySheets(copysheet.java:47)
	at mypackage.copysheet.copySheets(copysheet.java:47)
	at mypackage.copysheet.copySheets(copysheet.java:47)
	at mypackage.copysheet.copySheets(copysheet.java:47)
	at mypackage.copysheet.copySheets(copysheet.java:47)
	at mypackage.copysheet.copySheets(copysheet.java:47)
	at mypackage.copysheet.copySheets(copysheet.java:47)
	at mypackage.copysheet.copySheets(copysheet.java:47)
	at mypackage.copysheet.copySheets(copysheet.java:47)
	at mypackage.copysheet.copySheets(copysheet.java:47)
	at mypackage.copysheet.copySheets(copysheet.java:47)
	at mypackage.copysheet.copySheets(copysheet.java:47)
	at mypackage.copysheet.copySheets(copysheet.java:47)
	at mypackage.copysheet.copySheets(copysheet.java:47)
	at mypackage.copysheet.copySheets(copysheet.java:47)
	at mypackage.copysheet.copySheets(copysheet.java:47)
	at mypackage.copysheet.copySheets(copysheet.java:47)
	at mypackage.copysheet.copySheets(copysheet.java:47)
	at mypackage.copysheet.copySheets(copysheet.java:47)
	at mypackage.copysheet.copySheets(copysheet.java:47)
	at mypackage.copysheet.copySheets(copysheet.java:47)
	at mypackage.copysheet.copySheets(copysheet.java:47)
	at mypackage.copysheet.copySheets(copysheet.java:47)
	at mypackage.copysheet.copySheets(copysheet.java:47)
	at mypackage.copysheet.copySheets(copysheet.java:47)
	at mypackage.copysheet.copySheets(copysheet.java:47)
	at mypackage.copysheet.copySheets(copysheet.java:47)
	at mypackage.copysheet.copySheets(copysheet.java:47)
	at mypackage.copysheet.copySheets(copysheet.java:47)
	at mypackage.copysheet.copySheets(copysheet.java:47)
	at mypackage.copysheet.copySheets(copysheet.java:47)
	at mypackage.copysheet.copySheets(copysheet.java:47)
	at mypackage.copysheet.copySheets(copysheet.java:47)
	at mypackage.copysheet.copySheets(copysheet.java:47)
	at mypackage.copysheet.copySheets(copysheet.java:47)
	at mypackage.copysheet.copySheets(copysheet.java:47)
	at mypackage.copysheet.copySheets(copysheet.java:47)
	at mypackage.copysheet.copySheets(copysheet.java:47)
	at mypackage.copysheet.copySheets(copysheet.java:47)
	at mypackage.copysheet.copySheets(copysheet.java:47)
	at mypackage.copysheet.copySheets(copysheet.java:47)
	at mypackage.copysheet.copySheets(copysheet.java:47)
	at mypackage.copysheet.copySheets(copysheet.java:47)
	at mypackage.copysheet.copySheets(copysheet.java:47)
	at mypackage.copysheet.copySheets(copysheet.java:47)
	at mypackage.copysheet.copySheets(copysheet.java:47)
	at mypackage.copysheet.copySheets(copysheet.java:47)
	at mypackage.copysheet.copySheets(copysheet.java:47)
	at mypackage.copysheet.copySheets(copysheet.java:47)
	at mypackage.copysheet.copySheets(copysheet.java:47)
	at mypackage.copysheet.copySheets(copysheet.java:47)
	at mypackage.copysheet.copySheets(copysheet.java:47)
	at mypackage.copysheet.copySheets(copysheet.java:47)
	at mypackage.copysheet.copySheets(copysheet.java:47)
	at mypackage.copysheet.copySheets(copysheet.java:47)
	at mypackage.copysheet.copySheets(copysheet.java:47)
	at mypackage.copysheet.copySheets(copysheet.java:47)
	at mypackage.copysheet.copySheets(copysheet.java:47)
	at mypackage.copysheet.copySheets(copysheet.java:47)
	at mypackage.copysheet.copySheets(copysheet.java:47)
	at mypackage.copysheet.copySheets(copysheet.java:47)
	at mypackage.copysheet.copySheets(copysheet.java:47)
	at mypackage.copysheet.copySheets(copysheet.java:47)
	at mypackage.copysheet.copySheets(copysheet.java:47)
	at mypackage.copysheet.copySheets(copysheet.java:47)
	at mypackage.copysheet.copySheets(copysheet.java:47)
	at mypackage.copysheet.copySheets(copysheet.java:47)
	at mypackage.copysheet.copySheets(copysheet.java:47)
	at mypackage.copysheet.copySheets(copysheet.java:47)
	at mypackage.copysheet.copySheets(copysheet.java:47)
	at mypackage.copysheet.copySheets(copysheet.java:47)
	at mypackage.copysheet.copySheets(copysheet.java:47)
	at mypackage.copysheet.copySheets(copysheet.java:47)
	at mypackage.copysheet.copySheets(copysheet.java:47)
	at mypackage.copysheet.copySheets(copysheet.java:47)
	at mypackage.copysheet.copySheets(copysheet.java:47)
	at mypackage.copysheet.copySheets(copysheet.java:47)
	at mypackage.copysheet.copySheets(copysheet.java:47)
	at mypackage.copysheet.copySheets(copysheet.java:47)
	at mypackage.copysheet.copySheets(copysheet.java:47)
	at mypackage.copysheet.copySheets(copysheet.java:47)
	at mypackage.copysheet.copySheets(copysheet.java:47)
	at mypackage.copysheet.copySheets(copysheet.java:47)
	at mypackage.copysheet.copySheets(copysheet.java:47)
	at mypackage.copysheet.copySheets(copysheet.java:47)
	at mypackage.copysheet.copySheets(copysheet.java:47)
	at mypackage.copysheet.copySheets(copysheet.java:47)
	at mypackage.copysheet.copySheets(copysheet.java:47)
	at mypackage.copysheet.copySheets(copysheet.java:47)
	at mypackage.copysheet.copySheets(copysheet.java:47)
	at mypackage.copysheet.copySheets(copysheet.java:47)
	at mypackage.copysheet.copySheets(copysheet.java:47)
	at mypackage.copysheet.copySheets(copysheet.java:47)
	at mypackage.copysheet.copySheets(copysheet.java:47)
	at mypackage.copysheet.copySheets(copysheet.java:47)
	at mypackage.copysheet.copySheets(copysheet.java:47)
	at mypackage.copysheet.copySheets(copysheet.java:47)
	at mypackage.copysheet.copySheets(copysheet.java:47)
	at mypackage.copysheet.copySheets(copysheet.java:47)
	at mypackage.copysheet.copySheets(copysheet.java:47)
	at mypackage.copysheet.copySheets(copysheet.java:47)
	at mypackage.copysheet.copySheets(copysheet.java:47)
	at mypackage.copysheet.copySheets(copysheet.java:47)
	at mypackage.copysheet.copySheets(copysheet.java:47)
	at mypackage.copysheet.copySheets(copysheet.java:47)
	at mypackage.copysheet.copySheets(copysheet.java:47)
	at mypackage.copysheet.copySheets(copysheet.java:47)
	at mypackage.copysheet.copySheets(copysheet.java:47)
	at mypackage.copysheet.copySheets(copysheet.java:47)
	at mypackage.copysheet.copySheets(copysheet.java:47)
	at mypackage.copysheet.copySheets(copysheet.java:47)
	at mypackage.copysheet.copySheets(copysheet.java:47)
	at mypackage.copysheet.copySheets(copysheet.java:47)
	at mypackage.copysheet.copySheets(copysheet.java:47)
	at mypackage.copysheet.copySheets(copysheet.java:47)
	at mypackage.copysheet.copySheets(copysheet.java:47)
	at mypackage.copysheet.copySheets(copysheet.java:47)
	at mypackage.copysheet.copySheets(copysheet.java:47)
	at mypackage.copysheet.copySheets(copysheet.java:47)
	at mypackage.copysheet.copySheets(copysheet.java:47)
	at mypackage.copysheet.copySheets(copysheet.java:47)
	at mypackage.copysheet.copySheets(copysheet.java:47)
	at mypackage.copysheet.copySheets(copysheet.java:47)
	at mypackage.copysheet.copySheets(copysheet.java:47)
	at mypackage.copysheet.copySheets(copysheet.java:47)
	at mypackage.copysheet.copySheets(copysheet.java:47)
	at mypackage.copysheet.copySheets(copysheet.java:47)
	at mypackage.copysheet.copySheets(copysheet.java:47)
	at mypackage.copysheet.copySheets(copysheet.java:47)
	at mypackage.copysheet.copySheets(copysheet.java:47)
	at mypackage.copysheet.copySheets(copysheet.java:47)
	at mypackage.copysheet.copySheets(copysheet.java:47)
	at mypackage.copysheet.copySheets(copysheet.java:47)
	at mypackage.copysheet.copySheets(copysheet.java:47)
	at mypackage.copysheet.copySheets(copysheet.java:47)
	at mypackage.copysheet.copySheets(copysheet.java:47)
	at mypackage.copysheet.copySheets(copysheet.java:47)
	at mypackage.copysheet.copySheets(copysheet.java:47)
	at mypackage.copysheet.copySheets(copysheet.java:47)
	at mypackage.copysheet.copySheets(copysheet.java:47)
	at mypackage.copysheet.copySheets(copysheet.java:47)
	at mypackage.copysheet.copySheets(copysheet.java:47)
	at mypackage.copysheet.copySheets(copysheet.java:47)
	at mypackage.copysheet.copySheets(copysheet.java:47)
	at mypackage.copysheet.copySheets(copysheet.java:47)
	at mypackage.copysheet.copySheets(copysheet.java:47)
	at mypackage.copysheet.copySheets(copysheet.java:47)
	at mypackage.copysheet.copySheets(copysheet.java:47)
	at mypackage.copysheet.copySheets(copysheet.java:47)
	at mypackage.copysheet.copySheets(copysheet.java:47)
	at mypackage.copysheet.copySheets(copysheet.java:47)
	at mypackage.copysheet.copySheets(copysheet.java:47)
	at mypackage.copysheet.copySheets(copysheet.java:47)
	at mypackage.copysheet.copySheets(copysheet.java:47)
	at mypackage.copysheet.copySheets(copysheet.java:47)
	at mypackage.copysheet.copySheets(copysheet.java:47)
	at mypackage.copysheet.copySheets(copysheet.java:47)
	at mypackage.copysheet.copySheets(copysheet.java:47)
	at mypackage.copysheet.copySheets(copysheet.java:47)
	at mypackage.copysheet.copySheets(copysheet.java:47)
	at mypackage.copysheet.copySheets(copysheet.java:47)
	at mypackage.copysheet.copySheets(copysheet.java:47)
	at mypackage.copysheet.copySheets(copysheet.java:47)
	at mypackage.copysheet.copySheets(copysheet.java:47)
	at mypackage.copysheet.copySheets(copysheet.java:47)
	at mypackage.copysheet.copySheets(copysheet.java:47)
	at mypackage.copysheet.copySheets(copysheet.java:47)
	at mypackage.copysheet.copySheets(copysheet.java:47)
	at mypackage.copysheet.copySheets(copysheet.java:47)
	at mypackage.copysheet.copySheets(copysheet.java:47)
	at mypackage.copysheet.copySheets(copysheet.java:47)
	at mypackage.copysheet.copySheets(copysheet.java:47)
	at mypackage.copysheet.copySheets(copysheet.java:47)
	at mypackage.copysheet.copySheets(copysheet.java:47)
	at mypackage.copysheet.copySheets(copysheet.java:47)
	at mypackage.copysheet.copySheets(copysheet.java:47)
	at mypackage.copysheet.copySheets(copysheet.java:47)
	at mypackage.copysheet.copySheets(copysheet.java:47)
	at mypackage.copysheet.copySheets(copysheet.java:47)
	at mypackage.copysheet.copySheets(copysheet.java:47)
	at mypackage.copysheet.copySheets(copysheet.java:47)
	at mypackage.copysheet.copySheets(copysheet.java:47)
	at mypackage.copysheet.copySheets(copysheet.java:47)
	at mypackage.copysheet.copySheets(copysheet.java:47)
	at mypackage.copysheet.copySheets(copysheet.java:47)
	at mypackage.copysheet.copySheets(copysheet.java:47)
	at mypackage.copysheet.copySheets(copysheet.java:47)
	at mypackage.copysheet.copySheets(copysheet.java:47)
	at mypackage.copysheet.copySheets(copysheet.java:47)
	at mypackage.copysheet.copySheets(copysheet.java:47)
	at mypackage.copysheet.copySheets(copysheet.java:47)
	at mypackage.copysheet.copySheets(copysheet.java:47)
	at mypackage.copysheet.copySheets(copysheet.java:47)
	at mypackage.copysheet.copySheets(copysheet.java:47)
	at mypackage.copysheet.copySheets(copysheet.java:47)
	at mypackage.copysheet.copySheets(copysheet.java:47)
	at mypackage.copysheet.copySheets(copysheet.java:47)
	at mypackage.copysheet.copySheets(copysheet.java:47)
	at mypackage.copysheet.copySheets(copysheet.java:47)
	at mypackage.copysheet.copySheets(copysheet.java:47)
	at mypackage.copysheet.copySheets(copysheet.java:47)
	at mypackage.copysheet.copySheets(copysheet.java:47)
	at mypackage.copysheet.copySheets(copysheet.java:47)
	at mypackage.copysheet.copySheets(copysheet.java:47)
	at mypackage.copysheet.copySheets(copysheet.java:47)
	at mypackage.copysheet.copySheets(copysheet.java:47)
	at mypackage.copysheet.copySheets(copysheet.java:47)
	at mypackage.copysheet.copySheets(copysheet.java:47)
	at mypackage.copysheet.copySheets(copysheet.java:47)
	at mypackage.copysheet.copySheets(copysheet.java:47)
	at mypackage.copysheet.copySheets(copysheet.java:47)
	at mypackage.copysheet.copySheets(copysheet.java:47)
	at mypackage.copysheet.copySheets(copysheet.java:47)
	at mypackage.copysheet.copySheets(copysheet.java:47)
	at mypackage.copysheet.copySheets(copysheet.java:47)
	at mypackage.copysheet.copySheets(copysheet.java:47)
	at mypackage.copysheet.copySheets(copysheet.java:47)
	at mypackage.copysheet.copySheets(copysheet.java:47)
	at mypackage.copysheet.copySheets(copysheet.java:47)
	at mypackage.copysheet.copySheets(copysheet.java:47)
	at mypackage.copysheet.copySheets(copysheet.java:47)
	at mypackage.copysheet.copySheets(copysheet.java:47)
	at mypackage.copysheet.copySheets(copysheet.java:47)
	at mypackage.copysheet.copySheets(copysheet.java:47)
	at mypackage.copysheet.copySheets(copysheet.java:47)
	at mypackage.copysheet.copySheets(copysheet.java:47)
	at mypackage.copysheet.copySheets(copysheet.java:47)
	at mypackage.copysheet.copySheets(copysheet.java:47)
	at mypackage.copysheet.copySheets(copysheet.java:47)
	at mypackage.copysheet.copySheets(copysheet.java:47)
	at mypackage.copysheet.copySheets(copysheet.java:47)
	at mypackage.copysheet.copySheets(copysheet.java:47)
	at mypackage.copysheet.copySheets(copysheet.java:47)
	at mypackage.copysheet.copySheets(copysheet.java:47)
	at mypackage.copysheet.copySheets(copysheet.java:47)
	at mypackage.copysheet.copySheets(copysheet.java:47)
	at mypackage.copysheet.copySheets(copysheet.java:47)
	at mypackage.copysheet.copySheets(copysheet.java:47)
	at mypackage.copysheet.copySheets(copysheet.java:47)
	at mypackage.copysheet.copySheets(copysheet.java:47)
	at mypackage.copysheet.copySheets(copysheet.java:47)
	at mypackage.copysheet.copySheets(copysheet.java:47)
	at mypackage.copysheet.copySheets(copysheet.java:47)
	at mypackage.copysheet.copySheets(copysheet.java:47)
	at mypackage.copysheet.copySheets(copysheet.java:47)
	at mypackage.copysheet.copySheets(copysheet.java:47)
	at mypackage.copysheet.copySheets(copysheet.java:47)
	at mypackage.copysheet.copySheets(copysheet.java:47)
	at mypackage.copysheet.copySheets(copysheet.java:47)
	at mypackage.copysheet.copySheets(copysheet.java:47)
	at mypackage.copysheet.copySheets(copysheet.java:47)
]]>
    </error>
  </testcase> <!-- endExecution -->
</testsuite> <!-- mypackage.writeclass -->
