<?xml version="1.0" encoding="UTF-8"?>
<!-- Generated by org.testng.reporters.JUnitReportReporter -->
<testsuite hostname="sevenbits-HP-Compaq-8100-Elite-SFF-PC" name="mypackage.TestNG" tests="2" failures="0" timestamp="14 Mar 2018 06:57:14 GMT" time="1.377" errors="0">
  <testcase name="A" time="0.811" classname="mypackage.TestNG"/>
  <testcase name="B" time="0.566" classname="mypackage.TestNG"/>
</testsuite> <!-- mypackage.TestNG -->
