<?xml version="1.0" encoding="UTF-8"?>
<!-- Generated by org.testng.reporters.JUnitReportReporter -->
<testsuite hostname="sevenbits-HP-Compaq-8100-Elite-SFF-PC" name="mypackage.result" tests="1" failures="0" timestamp="6 Feb 2018 06:35:50 GMT" time="0.001" errors="0">
  <testcase name="res" time="0.001" classname="mypackage.result"/>
</testsuite> <!-- mypackage.result -->
