<?xml version="1.0" encoding="UTF-8"?>
<!-- Generated by org.testng.reporters.JUnitReportReporter -->
<testsuite skipped="0" hostname="rutvi-desktop" name="caseflow" tests="2" failures="0" timestamp="18 Oct 2017 04:58:45 GMT" time="88.203" errors="0">
  <testcase name="login" time="8.562" classname="caseflow"/>
  <testcase name="selecttemplate" time="79.641" classname="caseflow"/>
</testsuite> <!-- caseflow -->
